<?xml version="1.0" encoding="UTF-8"?>
<!-- Generated by org.testng.reporters.JUnitReportReporter -->
<testsuite skipped="0" hostname="Swethas-MacBook-Pro.local" name="SignUpTests.BaseClassTest" tests="1" failures="0" timestamp="16 Jul 2018 04:55:21 GMT" time="0.021" errors="0">
  <testcase name="testMethod" time="0.021" classname="SignUpTests.BaseClassTest"/>
</testsuite> <!-- SignUpTests.BaseClassTest -->
