<?xml version="1.0" encoding="UTF-8"?>
<!-- Generated by org.testng.reporters.JUnitReportReporter -->
<testsuite skipped="0" hostname="Swethas-MacBook-Pro.local" name="SignUpTests_stage.IN.SignUpWithBlankTemplateCODPmtAndSelfCollectShipping" tests="1" failures="0" timestamp="24 Jul 2018 11:08:42 GMT" time="191.361" errors="0">
  <testcase name="testMethod_stage" time="191.361" classname="SignUpTests_stage.IN.SignUpWithBlankTemplateCODPmtAndSelfCollectShipping"/>
</testsuite> <!-- SignUpTests_stage.IN.SignUpWithBlankTemplateCODPmtAndSelfCollectShipping -->
