<?xml version="1.0" encoding="UTF-8"?>
<!-- Generated by org.testng.reporters.JUnitReportReporter -->
<testsuite skipped="0" hostname="Swethas-MacBook-Pro.local" name="stage.HK.SignUpWithBlankTemplateWithCODAndSelfCollect" tests="1" failures="0" timestamp="04 Oct 2018 06:05:47 GMT" time="98.868" errors="0">
  <testcase name="testMethod_stage" time="98.868" classname="stage.HK.SignUpWithBlankTemplateWithCODAndSelfCollect"/>
</testsuite> <!-- stage.HK.SignUpWithBlankTemplateWithCODAndSelfCollect -->
