<?xml version="1.0" encoding="UTF-8"?>
<!-- Generated by org.testng.reporters.JUnitReportReporter -->
<testsuite skipped="0" hostname="Swethas-MBP" name="MyShopmatic.HK.SignUpWithBlankTemplateWithCOD" tests="1" failures="0" timestamp="11 Sep 2018 14:48:07 GMT" time="98.101" errors="0">
  <testcase name="testMethod_stage" time="98.101" classname="MyShopmatic.HK.SignUpWithBlankTemplateWithCOD"/>
</testsuite> <!-- MyShopmatic.HK.SignUpWithBlankTemplateWithCOD -->
