<?xml version="1.0" encoding="UTF-8"?>
<!-- Generated by org.testng.reporters.JUnitReportReporter -->
<testsuite skipped="0" hostname="Swethas-MacBook-Pro.local" name="MyShopmatic.HK.SignUpWithBlankTemplateWithCODAndSelfCollect" tests="1" failures="0" timestamp="27 Sep 2018 11:18:14 GMT" time="106.354" errors="0">
  <testcase name="testMethod_stage" time="106.354" classname="MyShopmatic.HK.SignUpWithBlankTemplateWithCODAndSelfCollect"/>
</testsuite> <!-- MyShopmatic.HK.SignUpWithBlankTemplateWithCODAndSelfCollect -->
