<?xml version="1.0" encoding="UTF-8"?>
<!-- Generated by org.testng.reporters.JUnitReportReporter -->
<testsuite skipped="0" hostname="Swethas-MacBook-Pro.local" name="stage.NI.SignUpWithBlankTemplateNeoEnabled" tests="1" failures="0" timestamp="24 Sep 2018 09:32:39 GMT" time="71.009" errors="0">
  <testcase name="testMethod_stage" time="71.009" classname="stage.NI.SignUpWithBlankTemplateNeoEnabled"/>
</testsuite> <!-- stage.NI.SignUpWithBlankTemplateNeoEnabled -->
