<?xml version="1.0" encoding="UTF-8"?>
<!-- Generated by org.testng.reporters.JUnitReportReporter -->
<testsuite skipped="0" hostname="Swethas-MacBook-Pro.local" name="stage.NI.SignUpWithBlankTemplateNeoEnabledAndSelfCollect" tests="1" failures="0" timestamp="26 Jul 2018 11:07:47 GMT" time="69.309" errors="0">
  <testcase name="testMethod_stage" time="69.309" classname="stage.NI.SignUpWithBlankTemplateNeoEnabledAndSelfCollect"/>
</testsuite> <!-- stage.NI.SignUpWithBlankTemplateNeoEnabledAndSelfCollect -->
