<?xml version="1.0" encoding="UTF-8"?>
<!-- Generated by org.testng.reporters.JUnitReportReporter -->
<testsuite skipped="0" hostname="Swethas-MacBook-Pro.local" name="stage.NI.SignUpWithBlankTemplateWithSelfCollect" tests="1" failures="0" timestamp="26 Jul 2018 11:05:09 GMT" time="59.173" errors="0">
  <testcase name="testMethod_stage" time="59.173" classname="stage.NI.SignUpWithBlankTemplateWithSelfCollect"/>
</testsuite> <!-- stage.NI.SignUpWithBlankTemplateWithSelfCollect -->
