<?xml version="1.0" encoding="UTF-8"?>
<!-- Generated by org.testng.reporters.JUnitReportReporter -->
<testsuite skipped="0" hostname="Swethas-MacBook-Pro.local" name="LoginTests.LoginTests_IN" tests="1" failures="0" timestamp="24 Jul 2018 03:30:10 GMT" time="18.091" errors="0">
  <testcase name="testMethod_withStayLoggedIn" time="18.091" classname="LoginTests.LoginTests_IN"/>
</testsuite> <!-- LoginTests.LoginTests_IN -->
