<?xml version="1.0" encoding="UTF-8"?>
<!-- Generated by org.testng.reporters.JUnitReportReporter -->
<testsuite skipped="0" hostname="Swethas-MacBook-Pro.local" name="MyShopmatic.IN.customers.CreateCustomerWithoutSearchFunctionality" tests="1" failures="0" timestamp="04 Oct 2018 11:14:50 GMT" time="127.678" errors="0">
  <testcase name="testMethod" time="127.678" classname="MyShopmatic.IN.customers.CreateCustomerWithoutSearchFunctionality"/>
</testsuite> <!-- MyShopmatic.IN.customers.CreateCustomerWithoutSearchFunctionality -->
