<?xml version="1.0" encoding="UTF-8"?>
<!-- Generated by org.testng.reporters.JUnitReportReporter -->
<testsuite skipped="0" hostname="Swethas-MacBook-Pro.local" name="Shoptiq.products.AddProductsWithShippingDetails" tests="1" failures="0" timestamp="04 Oct 2018 10:53:01 GMT" time="33.773" errors="0">
  <testcase name="testAddProductWithBasicInfo" time="33.773" classname="Shoptiq.products.AddProductsWithShippingDetails"/>
</testsuite> <!-- Shoptiq.products.AddProductsWithShippingDetails -->
