<?xml version="1.0" encoding="UTF-8"?>
<!-- Generated by org.testng.reporters.JUnitReportReporter -->
<testsuite skipped="0" hostname="Swethas-MacBook-Pro.local" name="MyShopmatic.IN.SignUpWithBlankTemplateWithCitrus" tests="1" failures="0" timestamp="26 Jul 2018 03:27:39 GMT" time="80.848" errors="0">
  <testcase name="testMethod_stage" time="80.848" classname="MyShopmatic.IN.SignUpWithBlankTemplateWithCitrus"/>
</testsuite> <!-- MyShopmatic.IN.SignUpWithBlankTemplateWithCitrus -->
