<?xml version="1.0" encoding="UTF-8"?>
<!-- Generated by org.testng.reporters.JUnitReportReporter -->
<testsuite skipped="0" hostname="Swethas-MacBook-Pro.local" name="MyShopmatic.IN.customers.CreateCustomerWithSearchFunctionalityOptedinForMarketing" tests="1" failures="0" timestamp="07 Sep 2018 11:36:16 GMT" time="129.000" errors="0">
  <testcase name="testMethod" time="129.000" classname="MyShopmatic.IN.customers.CreateCustomerWithSearchFunctionalityOptedinForMarketing"/>
</testsuite> <!-- MyShopmatic.IN.customers.CreateCustomerWithSearchFunctionalityOptedinForMarketing -->
