<?xml version="1.0" encoding="UTF-8"?>
<!-- Generated by org.testng.reporters.JUnitReportReporter -->
<testsuite skipped="0" hostname="Swethas-MacBook-Pro.local" name="stage.IN.SignUpWithBlankTemplateWithCitrusAndAramexShipyaariSelfCollect" tests="1" failures="0" timestamp="27 Sep 2018 08:03:29 GMT" time="122.623" errors="0">
  <testcase name="testMethod_stage" time="122.623" classname="stage.IN.SignUpWithBlankTemplateWithCitrusAndAramexShipyaariSelfCollect"/>
</testsuite> <!-- stage.IN.SignUpWithBlankTemplateWithCitrusAndAramexShipyaariSelfCollect -->
