<?xml version="1.0" encoding="UTF-8"?>
<!-- Generated by org.testng.reporters.JUnitReportReporter -->
<testsuite skipped="0" hostname="Swethas-MacBook-Pro.local" name="Testlaunch" tests="1" failures="0" timestamp="09 Jul 2018 08:13:05 GMT" time="0.008" errors="0">
  <testcase name="test" time="0.008" classname="Testlaunch"/>
</testsuite> <!-- Testlaunch -->
