<?xml version="1.0" encoding="UTF-8"?>
<!-- Generated by org.testng.reporters.JUnitReportReporter -->
<testsuite skipped="0" hostname="Swethas-MacBook-Pro.local" name="SignUpTests_stage.IN.SignUpWithOthersTemplateWithCitrusPayment" tests="1" failures="0" timestamp="24 Jul 2018 11:40:32 GMT" time="72.148" errors="0">
  <testcase name="testMethod_stage" time="72.148" classname="SignUpTests_stage.IN.SignUpWithOthersTemplateWithCitrusPayment"/>
</testsuite> <!-- SignUpTests_stage.IN.SignUpWithOthersTemplateWithCitrusPayment -->
