<?xml version="1.0" encoding="UTF-8"?>
<!-- Generated by org.testng.reporters.JUnitReportReporter -->
<testsuite skipped="0" hostname="Swethas-MacBook-Pro.local" name="stage.NI.SignUpWithBlankTemplateNeoEnabledAndAramexShippingInternational" tests="1" failures="0" timestamp="26 Jul 2018 10:57:24 GMT" time="92.816" errors="0">
  <testcase name="testMethod_stage" time="92.816" classname="stage.NI.SignUpWithBlankTemplateNeoEnabledAndAramexShippingInternational"/>
</testsuite> <!-- stage.NI.SignUpWithBlankTemplateNeoEnabledAndAramexShippingInternational -->
