<?xml version="1.0" encoding="UTF-8"?>
<!-- Generated by org.testng.reporters.JUnitReportReporter -->
<testsuite skipped="0" hostname="Swethas-MacBook-Pro.local" name="Shoptiq.products.AddProducts" tests="1" failures="0" timestamp="04 Oct 2018 10:48:35 GMT" time="31.369" errors="0">
  <testcase name="testAddProductWithMinDetails" time="31.369" classname="Shoptiq.products.AddProducts"/>
</testsuite> <!-- Shoptiq.products.AddProducts -->
