<?xml version="1.0" encoding="UTF-8"?>
<!-- Generated by org.testng.reporters.JUnitReportReporter -->
<testsuite skipped="0" hostname="Swethas-MacBook-Pro.local" name="stage.NI.SignUpWithBlankTemplateNeoEnabledAllShippingOptions" tests="1" failures="0" timestamp="26 Jul 2018 11:14:49 GMT" time="95.182" errors="0">
  <testcase name="testMethod_stage" time="95.182" classname="stage.NI.SignUpWithBlankTemplateNeoEnabledAllShippingOptions"/>
</testsuite> <!-- stage.NI.SignUpWithBlankTemplateNeoEnabledAllShippingOptions -->
