<?xml version="1.0" encoding="UTF-8"?>
<!-- Generated by org.testng.reporters.JUnitReportReporter -->
<testsuite skipped="0" hostname="Swethas-MacBook-Pro.local" name="stage.NI.SignUpWithBlankTemplateWithAramex" tests="1" failures="0" timestamp="26 Jul 2018 10:47:20 GMT" time="75.495" errors="0">
  <testcase name="testMethod_stage" time="75.495" classname="stage.NI.SignUpWithBlankTemplateWithAramex"/>
</testsuite> <!-- stage.NI.SignUpWithBlankTemplateWithAramex -->
