<?xml version="1.0" encoding="UTF-8"?>
<!-- Generated by org.testng.reporters.JUnitReportReporter -->
<testsuite skipped="0" hostname="Swethas-MacBook-Pro.local" name="stage.HK.SignUpWithBlankTemplateWithCOD" tests="1" failures="0" timestamp="04 Oct 2018 06:03:54 GMT" time="109.850" errors="0">
  <testcase name="testMethod_stage" time="109.850" classname="stage.HK.SignUpWithBlankTemplateWithCOD"/>
</testsuite> <!-- stage.HK.SignUpWithBlankTemplateWithCOD -->
