<?xml version="1.0" encoding="UTF-8"?>
<!-- Generated by org.testng.reporters.JUnitReportReporter -->
<testsuite skipped="0" hostname="Swethas-MacBook-Pro.local" name="shpmtc.HK.SignUpWithBlankTemplateWithCODAndSelfCollect" tests="1" failures="0" timestamp="25 Jul 2018 12:18:05 GMT" time="102.608" errors="0">
  <testcase name="testMethod_stage" time="102.608" classname="shpmtc.HK.SignUpWithBlankTemplateWithCODAndSelfCollect"/>
</testsuite> <!-- shpmtc.HK.SignUpWithBlankTemplateWithCODAndSelfCollect -->
