<?xml version="1.0" encoding="UTF-8"?>
<!-- Generated by org.testng.reporters.JUnitReportReporter -->
<testsuite skipped="0" hostname="Swethas-MacBook-Pro.local" name="SignUpTests_stage.IN.SignUpWithBlankTemplateCitrusPmtAndSelfCollectShipping" tests="1" failures="0" timestamp="24 Jul 2018 10:59:50 GMT" time="80.162" errors="0">
  <testcase name="testMethod_stage" time="80.162" classname="SignUpTests_stage.IN.SignUpWithBlankTemplateCitrusPmtAndSelfCollectShipping"/>
</testsuite> <!-- SignUpTests_stage.IN.SignUpWithBlankTemplateCitrusPmtAndSelfCollectShipping -->
