<?xml version="1.0" encoding="UTF-8"?>
<!-- Generated by org.testng.reporters.JUnitReportReporter -->
<testsuite skipped="0" hostname="Swethas-MacBook-Pro.local" name="stage.NI.SignUpWithBlankTemplateOwnShippingInternational" tests="1" failures="0" timestamp="26 Jul 2018 09:29:07 GMT" time="61.709" errors="0">
  <testcase name="testMethod_stage" time="61.709" classname="stage.NI.SignUpWithBlankTemplateOwnShippingInternational"/>
</testsuite> <!-- stage.NI.SignUpWithBlankTemplateOwnShippingInternational -->
