<?xml version="1.0" encoding="UTF-8"?>
<!-- Generated by org.testng.reporters.JUnitReportReporter -->
<testsuite skipped="0" hostname="Swethas-MacBook-Pro.local" name="shpmtc.IN.SignUpWithBlankTemplateWithCitrus" tests="1" failures="0" timestamp="25 Jul 2018 10:13:47 GMT" time="82.497" errors="0">
  <testcase name="testMethod_stage" time="82.497" classname="shpmtc.IN.SignUpWithBlankTemplateWithCitrus"/>
</testsuite> <!-- shpmtc.IN.SignUpWithBlankTemplateWithCitrus -->
