<?xml version="1.0" encoding="UTF-8"?>
<!-- Generated by org.testng.reporters.JUnitReportReporter -->
<testsuite skipped="0" hostname="Swethas-MacBook-Pro.local" name="MyShopmatic.NI.SignUpWithBlankTemplate" tests="1" failures="0" timestamp="26 Jul 2018 11:29:58 GMT" time="43.945" errors="0">
  <testcase name="testMethod_stage" time="43.945" classname="MyShopmatic.NI.SignUpWithBlankTemplate"/>
</testsuite> <!-- MyShopmatic.NI.SignUpWithBlankTemplate -->
