<?xml version="1.0" encoding="UTF-8"?>
<!-- Generated by org.testng.reporters.JUnitReportReporter -->
<testsuite skipped="0" hostname="Swethas-MacBook-Pro.local" name="MyShopmatic.SG.SignUpWithBlankTemplateWithCOD" tests="1" failures="0" timestamp="26 Jul 2018 03:33:56 GMT" time="94.123" errors="0">
  <testcase name="testMethod_stage" time="94.123" classname="MyShopmatic.SG.SignUpWithBlankTemplateWithCOD"/>
</testsuite> <!-- MyShopmatic.SG.SignUpWithBlankTemplateWithCOD -->
