<?xml version="1.0" encoding="UTF-8"?>
<!-- Generated by org.testng.reporters.JUnitReportReporter -->
<testsuite skipped="0" hostname="Swethas-MacBook-Pro.local" name="shpmtc.IN.SignUpWithBlankTemplateWithCODAndSelfCollect" tests="1" failures="0" timestamp="25 Jul 2018 09:38:40 GMT" time="67.247" errors="0">
  <testcase name="testMethod_stage" time="67.247" classname="shpmtc.IN.SignUpWithBlankTemplateWithCODAndSelfCollect"/>
</testsuite> <!-- shpmtc.IN.SignUpWithBlankTemplateWithCODAndSelfCollect -->
