<?xml version="1.0" encoding="UTF-8"?>
<!-- Generated by org.testng.reporters.JUnitReportReporter -->
<testsuite skipped="0" hostname="Swethas-MacBook-Pro.local" name="shpmtc.HK.SignUpWithBlankTemplateWithCOD" tests="1" failures="0" timestamp="25 Jul 2018 06:11:50 GMT" time="86.510" errors="0">
  <testcase name="testMethod_stage" time="86.510" classname="shpmtc.HK.SignUpWithBlankTemplateWithCOD"/>
</testsuite> <!-- shpmtc.HK.SignUpWithBlankTemplateWithCOD -->
