<?xml version="1.0" encoding="UTF-8"?>
<!-- Generated by org.testng.reporters.JUnitReportReporter -->
<testsuite skipped="0" hostname="Swethas-MacBook-Pro.local" name="Shoptiq.products.AddProductsWithAllowOOS" tests="1" failures="0" timestamp="04 Oct 2018 10:51:10 GMT" time="38.357" errors="0">
  <testcase name="testAddProduct" time="38.357" classname="Shoptiq.products.AddProductsWithAllowOOS"/>
</testsuite> <!-- Shoptiq.products.AddProductsWithAllowOOS -->
