<?xml version="1.0" encoding="UTF-8"?>
<!-- Generated by org.testng.reporters.JUnitReportReporter -->
<testsuite skipped="0" hostname="Swethas-MacBook-Pro.local" name="Shoptiq.products.AddProductsWithFullDetails" tests="1" failures="0" timestamp="04 Oct 2018 10:55:31 GMT" time="35.521" errors="0">
  <testcase name="testAddProductWithBasicInfo" time="35.521" classname="Shoptiq.products.AddProductsWithFullDetails"/>
</testsuite> <!-- Shoptiq.products.AddProductsWithFullDetails -->
