<?xml version="1.0" encoding="UTF-8"?>
<!-- Generated by org.testng.reporters.JUnitReportReporter -->
<testsuite skipped="0" hostname="Swethas-MacBook-Pro.local" name="shpmtc.IN.SignUpWithBlankTemplateWithCitrusCOD" tests="1" failures="0" timestamp="25 Jul 2018 10:33:45 GMT" time="88.959" errors="0">
  <testcase name="testMethod_stage" time="88.959" classname="shpmtc.IN.SignUpWithBlankTemplateWithCitrusCOD"/>
</testsuite> <!-- shpmtc.IN.SignUpWithBlankTemplateWithCitrusCOD -->
