<?xml version="1.0" encoding="UTF-8"?>
<!-- Generated by org.testng.reporters.JUnitReportReporter -->
<testsuite skipped="0" hostname="Swethas-MacBook-Pro.local" name="MyShopmatic.HK.Taxes.addVATRefNumberForHK" tests="1" failures="0" timestamp="07 Sep 2018 11:27:31 GMT" time="106.054" errors="0">
  <testcase name="enableVAT" time="106.054" classname="MyShopmatic.HK.Taxes.addVATRefNumberForHK"/>
</testsuite> <!-- MyShopmatic.HK.Taxes.addVATRefNumberForHK -->
