<?xml version="1.0" encoding="UTF-8"?>
<!-- Generated by org.testng.reporters.JUnitReportReporter -->
<testsuite skipped="0" hostname="Swethas-MacBook-Pro.local" name="shpmtc.SG.SignUpWithBlankTemplateWithCODAndStdShippingInternational" tests="1" failures="0" timestamp="25 Jul 2018 12:02:42 GMT" time="162.671" errors="0">
  <testcase name="testMethod_stage" time="162.671" classname="shpmtc.SG.SignUpWithBlankTemplateWithCODAndStdShippingInternational"/>
</testsuite> <!-- shpmtc.SG.SignUpWithBlankTemplateWithCODAndStdShippingInternational -->
