<?xml version="1.0" encoding="UTF-8"?>
<!-- Generated by org.testng.reporters.JUnitReportReporter -->
<testsuite skipped="0" hostname="Swethas-MacBook-Pro.local" name="stage.IN.SignUpWithBlankTemplateWithCitrus" tests="1" failures="0" timestamp="03 Oct 2018 05:10:11 GMT" time="87.805" errors="0">
  <testcase name="testMethod_stage" time="87.805" classname="stage.IN.SignUpWithBlankTemplateWithCitrus"/>
</testsuite> <!-- stage.IN.SignUpWithBlankTemplateWithCitrus -->
