<?xml version="1.0" encoding="UTF-8"?>
<!-- Generated by org.testng.reporters.JUnitReportReporter -->
<testsuite skipped="0" hostname="Swethas-MacBook-Pro.local" name="stage.NI.SignUpWithBlankTemplateNeoEnabledOwnShippingInternational" tests="1" failures="0" timestamp="26 Jul 2018 10:54:44 GMT" time="78.039" errors="0">
  <testcase name="testMethod_stage" time="78.039" classname="stage.NI.SignUpWithBlankTemplateNeoEnabledOwnShippingInternational"/>
</testsuite> <!-- stage.NI.SignUpWithBlankTemplateNeoEnabledOwnShippingInternational -->
