<?xml version="1.0" encoding="UTF-8"?>
<!-- Generated by org.testng.reporters.JUnitReportReporter -->
<testsuite skipped="0" hostname="Swethas-MBP" name="MyShopmatic.SG.SignUpWithBlankTemplateWithCOD" tests="1" failures="0" timestamp="11 Sep 2018 14:43:39 GMT" time="94.823" errors="0">
  <testcase name="testMethod_stage" time="94.823" classname="MyShopmatic.SG.SignUpWithBlankTemplateWithCOD"/>
</testsuite> <!-- MyShopmatic.SG.SignUpWithBlankTemplateWithCOD -->
