<?xml version="1.0" encoding="UTF-8"?>
<!-- Generated by org.testng.reporters.JUnitReportReporter -->
<testsuite skipped="0" hostname="Swethas-MacBook-Pro.local" name="Shoptiq.products.AddProductsWithShippingDetailsAndInventory" tests="1" failures="0" timestamp="04 Oct 2018 10:53:52 GMT" time="34.799" errors="0">
  <testcase name="testAddProduct" time="34.799" classname="Shoptiq.products.AddProductsWithShippingDetailsAndInventory"/>
</testsuite> <!-- Shoptiq.products.AddProductsWithShippingDetailsAndInventory -->
