<?xml version="1.0" encoding="UTF-8"?>
<!-- Generated by org.testng.reporters.JUnitReportReporter -->
<testsuite skipped="0" hostname="Swethas-MacBook-Pro.local" name="stage.NI.SignUpWithBlankTemplateNeoEnabledAndAramexShippingDomestic" tests="1" failures="0" timestamp="26 Jul 2018 10:52:10 GMT" time="121.164" errors="0">
  <testcase name="testMethod_stage" time="121.164" classname="stage.NI.SignUpWithBlankTemplateNeoEnabledAndAramexShippingDomestic"/>
</testsuite> <!-- stage.NI.SignUpWithBlankTemplateNeoEnabledAndAramexShippingDomestic -->
