<?xml version="1.0" encoding="UTF-8"?>
<!-- Generated by org.testng.reporters.JUnitReportReporter -->
<testsuite skipped="0" hostname="Swethas-MacBook-Pro.local" name="stage.IN.SignUpWithBlankTemplateWithCitrusAndAramexShipyaari" tests="1" failures="0" timestamp="27 Sep 2018 08:01:09 GMT" time="125.529" errors="0">
  <testcase name="testMethod_stage" time="125.529" classname="stage.IN.SignUpWithBlankTemplateWithCitrusAndAramexShipyaari"/>
</testsuite> <!-- stage.IN.SignUpWithBlankTemplateWithCitrusAndAramexShipyaari -->
