<?xml version="1.0" encoding="UTF-8"?>
<!-- Generated by org.testng.reporters.JUnitReportReporter -->
<testsuite skipped="0" hostname="Swethas-MacBook-Pro.local" name="MyShopmatic.NI.SignUpWithBlankTemplateNeoEnabledAllShippingOptions" tests="1" failures="0" timestamp="20 Sep 2018 11:25:36 GMT" time="179.626" errors="0">
  <testcase name="testMethod_stage" time="179.626" classname="MyShopmatic.NI.SignUpWithBlankTemplateNeoEnabledAllShippingOptions"/>
</testsuite> <!-- MyShopmatic.NI.SignUpWithBlankTemplateNeoEnabledAllShippingOptions -->
