<?xml version="1.0" encoding="UTF-8"?>
<!-- Generated by org.testng.reporters.JUnitReportReporter -->
<testsuite skipped="0" hostname="Swethas-MacBook-Pro.local" name="shpmtc.SG.SignUpWithBlankTemplateWithCOD" tests="1" failures="0" timestamp="25 Jul 2018 06:23:02 GMT" time="87.101" errors="0">
  <testcase name="testMethod_stage" time="87.101" classname="shpmtc.SG.SignUpWithBlankTemplateWithCOD"/>
</testsuite> <!-- shpmtc.SG.SignUpWithBlankTemplateWithCOD -->
